<?xml version="1.0" encoding="UTF-8"?>
<!-- Generated by org.testng.reporters.JUnitReportReporter -->
<testsuite hostname="Retwika" failures="0" tests="1" name="amazon.LoginTOAmazonAndLogOut" time="21.516" errors="0" timestamp="2025-10-14T18:47:28 IST" skipped="0">
  <testcase classname="amazon.LoginTOAmazonAndLogOut" name="withValidCred" time="21.516"/>
</testsuite> <!-- amazon.LoginTOAmazonAndLogOut -->
