<?xml version="1.0" encoding="UTF-8"?>
<!-- Generated by org.testng.reporters.JUnitReportReporter -->
<testsuite hostname="Retwika" failures="0" tests="1" name="amazon.AmazonLoginAndLogOut" time="27.102" errors="0" timestamp="2025-10-22T18:51:38 IST" skipped="0">
  <testcase classname="amazon.AmazonLoginAndLogOut" name="withValidCred" time="27.102">
    <system-out>
      <![CDATA[HomePage-HOverover on Account and list->click on Sigin
Entered the UN
Entered the Password
Hoverover Account and List
SIgnout from AMazon
Test Passed: withValidCred
Screenshot saved to: C:\D_DriveFolder\Vihari\Automation_2025\GroTechMind_25\eclipse_WS_pom\GroTechMindPom\screenshots\Pass\withValidCred_20251022_185137.png]]>
    </system-out>
  </testcase> <!-- withValidCred -->
  <system-out>
    <![CDATA[HomePage-HOverover on Account and list->click on Sigin
Entered the UN
Entered the Password
Hoverover Account and List
SIgnout from AMazon
Test Passed: withValidCred
Screenshot saved to: C:\D_DriveFolder\Vihari\Automation_2025\GroTechMind_25\eclipse_WS_pom\GroTechMindPom\screenshots\Pass\withValidCred_20251022_185137.png]]>
  </system-out>
</testsuite> <!-- amazon.AmazonLoginAndLogOut -->
