<?xml version="1.0" encoding="UTF-8"?>
<!-- Generated by org.testng.reporters.JUnitReportReporter -->
<testsuite hostname="Retwika" failures="0" tests="1" name="amazon.AmazonSearchPage1" time="29.526" errors="0" timestamp="2025-10-15T18:25:07 IST" skipped="0">
  <testcase classname="amazon.AmazonSearchPage1" name="amazonSearchingProduct" time="29.526"/>
</testsuite> <!-- amazon.AmazonSearchPage1 -->
