<?xml version="1.0" encoding="UTF-8"?>
<!-- Generated by org.testng.reporters.JUnitReportReporter -->
<testsuite hostname="Retwika" failures="0" tests="1" name="amazon.AmazonToLogin" time="19.698" errors="0" timestamp="2025-10-15T19:42:10 IST" skipped="0">
  <testcase classname="amazon.AmazonToLogin" name="withValidCred" time="19.698">
    <system-out>
      <![CDATA[HomePage-HOverover on Account and list->click on Sigin
Entered the UN
Entered the Password
Login is Successful
Listner Logic is started Executig
Screenshot was taken successfully]]>
    </system-out>
  </testcase> <!-- withValidCred -->
  <system-out>
    <![CDATA[HomePage-HOverover on Account and list->click on Sigin
Entered the UN
Entered the Password
Login is Successful
Listner Logic is started Executig
Screenshot was taken successfully]]>
  </system-out>
</testsuite> <!-- amazon.AmazonToLogin -->
